<?xml version="1.0" encoding="UTF-8"?>
<!-- Generated by org.testng.reporters.JUnitReportReporter -->
<testsuite hostname="PC322939" name="com.pulselms.api.test.TestUsers" tests="88" failures="0" timestamp="11 Feb 2016 14:16:00 GMT" time="201.534" errors="4">
  <testcase name="GetAllUsersTest" time="2.024" classname="com.pulselms.api.test.TestUsers"/>
  <testcase name="GetAllUsersTest" time="2.825" classname="com.pulselms.api.test.TestUsers"/>
  <testcase name="GetAllUsersTest" time="2.426" classname="com.pulselms.api.test.TestUsers"/>
  <testcase name="GetAllUsersTest" time="2.067" classname="com.pulselms.api.test.TestUsers"/>
  <testcase name="GetAllUsersTest" time="1.989" classname="com.pulselms.api.test.TestUsers"/>
  <testcase name="GetAllUsersTest" time="2.047" classname="com.pulselms.api.test.TestUsers"/>
  <testcase name="GetAllUsersTest" time="2.012" classname="com.pulselms.api.test.TestUsers"/>
  <testcase name="GetAllUsersTest" time="2.027" classname="com.pulselms.api.test.TestUsers"/>
  <testcase name="GetAllUsersTest" time="2.058" classname="com.pulselms.api.test.TestUsers"/>
  <testcase name="GetAllUsersTest" time="2.045" classname="com.pulselms.api.test.TestUsers"/>
  <testcase name="GetAllUsersTest" time="2.061" classname="com.pulselms.api.test.TestUsers"/>
  <testcase name="GetAllUsersTest" time="2.007" classname="com.pulselms.api.test.TestUsers"/>
  <testcase name="GetAllUsersTest" time="2.096" classname="com.pulselms.api.test.TestUsers"/>
  <testcase name="GetAllUsersTest" time="2.055" classname="com.pulselms.api.test.TestUsers"/>
  <testcase name="GetAllUsersTest" time="2.065" classname="com.pulselms.api.test.TestUsers"/>
  <testcase name="GetAllUsersTest" time="2.033" classname="com.pulselms.api.test.TestUsers"/>
  <testcase name="GetAllUsersTest" time="6.023" classname="com.pulselms.api.test.TestUsers"/>
  <testcase name="GetAllUsersTest" time="4.219" classname="com.pulselms.api.test.TestUsers"/>
  <testcase name="GetAllUsersTest" time="2.059" classname="com.pulselms.api.test.TestUsers"/>
  <testcase name="GetAllUsersTest" time="2.066" classname="com.pulselms.api.test.TestUsers"/>
  <testcase name="GetAllUsersTest" time="2.181" classname="com.pulselms.api.test.TestUsers"/>
  <testcase name="GetAllUsersTest" time="2.038" classname="com.pulselms.api.test.TestUsers"/>
  <testcase name="GetAllUsersTest" time="2.578" classname="com.pulselms.api.test.TestUsers"/>
  <testcase name="GetAllUsersTest" time="4.748" classname="com.pulselms.api.test.TestUsers"/>
  <testcase name="GetAllUsersTest" time="2.016" classname="com.pulselms.api.test.TestUsers"/>
  <testcase name="GetAllUsersTest" time="2.043" classname="com.pulselms.api.test.TestUsers"/>
  <testcase name="GetAllUsersTest" time="2.092" classname="com.pulselms.api.test.TestUsers"/>
  <testcase name="GetAllUsersTest" time="2.355" classname="com.pulselms.api.test.TestUsers"/>
  <testcase name="GetAllUsersTest" time="1.876" classname="com.pulselms.api.test.TestUsers">
    <error type="java.lang.AssertionError" message="expected [200] but found [400]">
      <![CDATA[java.lang.AssertionError: expected [200] but found [400]
	at org.testng.Assert.fail(Assert.java:94)
	at org.testng.Assert.failNotEquals(Assert.java:494)
	at org.testng.Assert.assertEquals(Assert.java:123)
	at org.testng.Assert.assertEquals(Assert.java:370)
	at org.testng.Assert.assertEquals(Assert.java:380)
	at com.pulselms.api.test.TestUsers.webCredentialsPulse(TestUsers.java:43)
	at com.pulselms.api.test.TestUsers.GetAllUsersTest(TestUsers.java:25)
	at sun.reflect.GeneratedMethodAccessor47.invoke(Unknown Source)
	at sun.reflect.DelegatingMethodAccessorImpl.invoke(Unknown Source)
	at java.lang.reflect.Method.invoke(Unknown Source)
	at org.testng.internal.MethodInvocationHelper.invokeMethod(MethodInvocationHelper.java:84)
	at org.testng.internal.Invoker.invokeMethod(Invoker.java:714)
	at org.testng.internal.Invoker.invokeTestMethod(Invoker.java:901)
	at org.testng.internal.Invoker.invokeTestMethods(Invoker.java:1231)
	at org.testng.internal.TestMethodWorker.invokeTestMethods(TestMethodWorker.java:127)
	at org.testng.internal.TestMethodWorker.run(TestMethodWorker.java:111)
	at org.testng.TestRunner.privateRun(TestRunner.java:767)
	at org.testng.TestRunner.run(TestRunner.java:617)
	at org.testng.SuiteRunner.runTest(SuiteRunner.java:348)
	at org.testng.SuiteRunner.runSequentially(SuiteRunner.java:343)
	at org.testng.SuiteRunner.privateRun(SuiteRunner.java:305)
	at org.testng.SuiteRunner.run(SuiteRunner.java:254)
	at org.testng.SuiteRunnerWorker.runSuite(SuiteRunnerWorker.java:52)
	at org.testng.SuiteRunnerWorker.run(SuiteRunnerWorker.java:86)
	at org.testng.TestNG.runSuitesSequentially(TestNG.java:1224)
	at org.testng.TestNG.runSuitesLocally(TestNG.java:1149)
	at org.testng.TestNG.run(TestNG.java:1057)
	at org.testng.remote.RemoteTestNG.run(RemoteTestNG.java:111)
	at org.testng.remote.RemoteTestNG.initAndRun(RemoteTestNG.java:204)
	at org.testng.remote.RemoteTestNG.main(RemoteTestNG.java:175)
]]>
    </error>
  </testcase> <!-- GetAllUsersTest -->
  <testcase name="GetAllUsersTest" time="2.086" classname="com.pulselms.api.test.TestUsers"/>
  <testcase name="GetAllUsersTest" time="2.089" classname="com.pulselms.api.test.TestUsers"/>
  <testcase name="GetAllUsersTest" time="2.023" classname="com.pulselms.api.test.TestUsers"/>
  <testcase name="GetAllUsersTest" time="2.060" classname="com.pulselms.api.test.TestUsers"/>
  <testcase name="GetAllUsersTest" time="2.099" classname="com.pulselms.api.test.TestUsers"/>
  <testcase name="GetAllUsersTest" time="2.317" classname="com.pulselms.api.test.TestUsers"/>
  <testcase name="GetAllUsersTest" time="2.026" classname="com.pulselms.api.test.TestUsers"/>
  <testcase name="GetAllUsersTest" time="1.997" classname="com.pulselms.api.test.TestUsers"/>
  <testcase name="GetAllUsersTest" time="4.842" classname="com.pulselms.api.test.TestUsers"/>
  <testcase name="GetAllUsersTest" time="2.510" classname="com.pulselms.api.test.TestUsers"/>
  <testcase name="GetAllUsersTest" time="2.039" classname="com.pulselms.api.test.TestUsers"/>
  <testcase name="GetAllUsersTest" time="2.093" classname="com.pulselms.api.test.TestUsers"/>
  <testcase name="GetAllUsersTest" time="2.037" classname="com.pulselms.api.test.TestUsers"/>
  <testcase name="GetAllUsersTest" time="2.664" classname="com.pulselms.api.test.TestUsers"/>
  <testcase name="GetAllUsersTest" time="2.076" classname="com.pulselms.api.test.TestUsers"/>
  <testcase name="GetAllUsersTest" time="2.071" classname="com.pulselms.api.test.TestUsers"/>
  <testcase name="GetAllUsersTest" time="1.985" classname="com.pulselms.api.test.TestUsers"/>
  <testcase name="GetAllUsersTest" time="2.028" classname="com.pulselms.api.test.TestUsers"/>
  <testcase name="GetAllUsersTest" time="2.006" classname="com.pulselms.api.test.TestUsers"/>
  <testcase name="GetAllUsersTest" time="2.054" classname="com.pulselms.api.test.TestUsers"/>
  <testcase name="GetAllUsersTest" time="2.111" classname="com.pulselms.api.test.TestUsers"/>
  <testcase name="GetAllUsersTest" time="2.820" classname="com.pulselms.api.test.TestUsers"/>
  <testcase name="GetAllUsersTest" time="3.072" classname="com.pulselms.api.test.TestUsers"/>
  <testcase name="GetAllUsersTest" time="2.034" classname="com.pulselms.api.test.TestUsers"/>
  <testcase name="GetAllUsersTest" time="2.052" classname="com.pulselms.api.test.TestUsers"/>
  <testcase name="GetAllUsersTest" time="2.076" classname="com.pulselms.api.test.TestUsers"/>
  <testcase name="GetAllUsersTest" time="2.038" classname="com.pulselms.api.test.TestUsers"/>
  <testcase name="GetAllUsersTest" time="2.095" classname="com.pulselms.api.test.TestUsers"/>
  <testcase name="GetAllUsersTest" time="2.326" classname="com.pulselms.api.test.TestUsers"/>
  <testcase name="GetAllUsersTest" time="2.087" classname="com.pulselms.api.test.TestUsers"/>
  <testcase name="GetAllUsersTest" time="2.068" classname="com.pulselms.api.test.TestUsers"/>
  <testcase name="GetAllUsersTest" time="2.020" classname="com.pulselms.api.test.TestUsers"/>
  <testcase name="GetAllUsersTest" time="1.999" classname="com.pulselms.api.test.TestUsers"/>
  <testcase name="GetAllUsersTest" time="2.072" classname="com.pulselms.api.test.TestUsers"/>
  <testcase name="GetAllUsersTest" time="2.024" classname="com.pulselms.api.test.TestUsers"/>
  <testcase name="GetAllUsersTest" time="2.012" classname="com.pulselms.api.test.TestUsers"/>
  <testcase name="GetAllUsersTest" time="2.014" classname="com.pulselms.api.test.TestUsers"/>
  <testcase name="GetAllUsersTest" time="1.995" classname="com.pulselms.api.test.TestUsers"/>
  <testcase name="GetAllUsersTest" time="2.070" classname="com.pulselms.api.test.TestUsers"/>
  <testcase name="GetAllUsersTest" time="2.058" classname="com.pulselms.api.test.TestUsers"/>
  <testcase name="GetAllUsersTest" time="2.054" classname="com.pulselms.api.test.TestUsers"/>
  <testcase name="GetAllUsersTest" time="1.988" classname="com.pulselms.api.test.TestUsers">
    <error type="java.lang.AssertionError" message="expected [200] but found [400]">
      <![CDATA[java.lang.AssertionError: expected [200] but found [400]
	at org.testng.Assert.fail(Assert.java:94)
	at org.testng.Assert.failNotEquals(Assert.java:494)
	at org.testng.Assert.assertEquals(Assert.java:123)
	at org.testng.Assert.assertEquals(Assert.java:370)
	at org.testng.Assert.assertEquals(Assert.java:380)
	at com.pulselms.api.test.TestUsers.webCredentialsPulse(TestUsers.java:43)
	at com.pulselms.api.test.TestUsers.GetAllUsersTest(TestUsers.java:25)
	at sun.reflect.GeneratedMethodAccessor47.invoke(Unknown Source)
	at sun.reflect.DelegatingMethodAccessorImpl.invoke(Unknown Source)
	at java.lang.reflect.Method.invoke(Unknown Source)
	at org.testng.internal.MethodInvocationHelper.invokeMethod(MethodInvocationHelper.java:84)
	at org.testng.internal.Invoker.invokeMethod(Invoker.java:714)
	at org.testng.internal.Invoker.invokeTestMethod(Invoker.java:901)
	at org.testng.internal.Invoker.invokeTestMethods(Invoker.java:1231)
	at org.testng.internal.TestMethodWorker.invokeTestMethods(TestMethodWorker.java:127)
	at org.testng.internal.TestMethodWorker.run(TestMethodWorker.java:111)
	at org.testng.TestRunner.privateRun(TestRunner.java:767)
	at org.testng.TestRunner.run(TestRunner.java:617)
	at org.testng.SuiteRunner.runTest(SuiteRunner.java:348)
	at org.testng.SuiteRunner.runSequentially(SuiteRunner.java:343)
	at org.testng.SuiteRunner.privateRun(SuiteRunner.java:305)
	at org.testng.SuiteRunner.run(SuiteRunner.java:254)
	at org.testng.SuiteRunnerWorker.runSuite(SuiteRunnerWorker.java:52)
	at org.testng.SuiteRunnerWorker.run(SuiteRunnerWorker.java:86)
	at org.testng.TestNG.runSuitesSequentially(TestNG.java:1224)
	at org.testng.TestNG.runSuitesLocally(TestNG.java:1149)
	at org.testng.TestNG.run(TestNG.java:1057)
	at org.testng.remote.RemoteTestNG.run(RemoteTestNG.java:111)
	at org.testng.remote.RemoteTestNG.initAndRun(RemoteTestNG.java:204)
	at org.testng.remote.RemoteTestNG.main(RemoteTestNG.java:175)
]]>
    </error>
  </testcase> <!-- GetAllUsersTest -->
  <testcase name="GetAllUsersTest" time="2.204" classname="com.pulselms.api.test.TestUsers"/>
  <testcase name="GetAllUsersTest" time="3.110" classname="com.pulselms.api.test.TestUsers"/>
  <testcase name="GetAllUsersTest" time="2.013" classname="com.pulselms.api.test.TestUsers"/>
  <testcase name="GetAllUsersTest" time="2.680" classname="com.pulselms.api.test.TestUsers"/>
  <testcase name="GetAllUsersTest" time="2.707" classname="com.pulselms.api.test.TestUsers"/>
  <testcase name="GetAllUsersTest" time="2.117" classname="com.pulselms.api.test.TestUsers"/>
  <testcase name="GetAllUsersTest" time="2.019" classname="com.pulselms.api.test.TestUsers"/>
  <testcase name="GetAllUsersTest" time="1.891" classname="com.pulselms.api.test.TestUsers">
    <error type="java.lang.AssertionError" message="expected [200] but found [400]">
      <![CDATA[java.lang.AssertionError: expected [200] but found [400]
	at org.testng.Assert.fail(Assert.java:94)
	at org.testng.Assert.failNotEquals(Assert.java:494)
	at org.testng.Assert.assertEquals(Assert.java:123)
	at org.testng.Assert.assertEquals(Assert.java:370)
	at org.testng.Assert.assertEquals(Assert.java:380)
	at com.pulselms.api.test.TestUsers.webCredentialsPulse(TestUsers.java:43)
	at com.pulselms.api.test.TestUsers.GetAllUsersTest(TestUsers.java:25)
	at sun.reflect.GeneratedMethodAccessor47.invoke(Unknown Source)
	at sun.reflect.DelegatingMethodAccessorImpl.invoke(Unknown Source)
	at java.lang.reflect.Method.invoke(Unknown Source)
	at org.testng.internal.MethodInvocationHelper.invokeMethod(MethodInvocationHelper.java:84)
	at org.testng.internal.Invoker.invokeMethod(Invoker.java:714)
	at org.testng.internal.Invoker.invokeTestMethod(Invoker.java:901)
	at org.testng.internal.Invoker.invokeTestMethods(Invoker.java:1231)
	at org.testng.internal.TestMethodWorker.invokeTestMethods(TestMethodWorker.java:127)
	at org.testng.internal.TestMethodWorker.run(TestMethodWorker.java:111)
	at org.testng.TestRunner.privateRun(TestRunner.java:767)
	at org.testng.TestRunner.run(TestRunner.java:617)
	at org.testng.SuiteRunner.runTest(SuiteRunner.java:348)
	at org.testng.SuiteRunner.runSequentially(SuiteRunner.java:343)
	at org.testng.SuiteRunner.privateRun(SuiteRunner.java:305)
	at org.testng.SuiteRunner.run(SuiteRunner.java:254)
	at org.testng.SuiteRunnerWorker.runSuite(SuiteRunnerWorker.java:52)
	at org.testng.SuiteRunnerWorker.run(SuiteRunnerWorker.java:86)
	at org.testng.TestNG.runSuitesSequentially(TestNG.java:1224)
	at org.testng.TestNG.runSuitesLocally(TestNG.java:1149)
	at org.testng.TestNG.run(TestNG.java:1057)
	at org.testng.remote.RemoteTestNG.run(RemoteTestNG.java:111)
	at org.testng.remote.RemoteTestNG.initAndRun(RemoteTestNG.java:204)
	at org.testng.remote.RemoteTestNG.main(RemoteTestNG.java:175)
]]>
    </error>
  </testcase> <!-- GetAllUsersTest -->
  <testcase name="GetAllUsersTest" time="2.064" classname="com.pulselms.api.test.TestUsers"/>
  <testcase name="GetAllUsersTest" time="2.003" classname="com.pulselms.api.test.TestUsers">
    <error type="java.lang.AssertionError" message="expected [200] but found [400]">
      <![CDATA[java.lang.AssertionError: expected [200] but found [400]
	at org.testng.Assert.fail(Assert.java:94)
	at org.testng.Assert.failNotEquals(Assert.java:494)
	at org.testng.Assert.assertEquals(Assert.java:123)
	at org.testng.Assert.assertEquals(Assert.java:370)
	at org.testng.Assert.assertEquals(Assert.java:380)
	at com.pulselms.api.test.TestUsers.webCredentialsPulse(TestUsers.java:43)
	at com.pulselms.api.test.TestUsers.GetAllUsersTest(TestUsers.java:25)
	at sun.reflect.GeneratedMethodAccessor47.invoke(Unknown Source)
	at sun.reflect.DelegatingMethodAccessorImpl.invoke(Unknown Source)
	at java.lang.reflect.Method.invoke(Unknown Source)
	at org.testng.internal.MethodInvocationHelper.invokeMethod(MethodInvocationHelper.java:84)
	at org.testng.internal.Invoker.invokeMethod(Invoker.java:714)
	at org.testng.internal.Invoker.invokeTestMethod(Invoker.java:901)
	at org.testng.internal.Invoker.invokeTestMethods(Invoker.java:1231)
	at org.testng.internal.TestMethodWorker.invokeTestMethods(TestMethodWorker.java:127)
	at org.testng.internal.TestMethodWorker.run(TestMethodWorker.java:111)
	at org.testng.TestRunner.privateRun(TestRunner.java:767)
	at org.testng.TestRunner.run(TestRunner.java:617)
	at org.testng.SuiteRunner.runTest(SuiteRunner.java:348)
	at org.testng.SuiteRunner.runSequentially(SuiteRunner.java:343)
	at org.testng.SuiteRunner.privateRun(SuiteRunner.java:305)
	at org.testng.SuiteRunner.run(SuiteRunner.java:254)
	at org.testng.SuiteRunnerWorker.runSuite(SuiteRunnerWorker.java:52)
	at org.testng.SuiteRunnerWorker.run(SuiteRunnerWorker.java:86)
	at org.testng.TestNG.runSuitesSequentially(TestNG.java:1224)
	at org.testng.TestNG.runSuitesLocally(TestNG.java:1149)
	at org.testng.TestNG.run(TestNG.java:1057)
	at org.testng.remote.RemoteTestNG.run(RemoteTestNG.java:111)
	at org.testng.remote.RemoteTestNG.initAndRun(RemoteTestNG.java:204)
	at org.testng.remote.RemoteTestNG.main(RemoteTestNG.java:175)
]]>
    </error>
  </testcase> <!-- GetAllUsersTest -->
  <testcase name="GetAllUsersTest" time="2.541" classname="com.pulselms.api.test.TestUsers"/>
  <testcase name="GetAllUsersTest" time="2.056" classname="com.pulselms.api.test.TestUsers"/>
  <testcase name="GetAllUsersTest" time="2.024" classname="com.pulselms.api.test.TestUsers"/>
  <testcase name="GetAllUsersTest" time="2.054" classname="com.pulselms.api.test.TestUsers"/>
  <testcase name="GetAllUsersTest" time="2.103" classname="com.pulselms.api.test.TestUsers"/>
  <testcase name="GetAllUsersTest" time="2.023" classname="com.pulselms.api.test.TestUsers"/>
  <testcase name="GetAllUsersTest" time="3.607" classname="com.pulselms.api.test.TestUsers"/>
</testsuite> <!-- com.pulselms.api.test.TestUsers -->
